[2021-04-23 16:47:01,219][ml_project][INFO] - Working directory : D:\Learn\2_sem\ml_prod\HW1\naumovskiy\ml_project
[2021-04-23 16:47:01,226][ml_project][INFO] - start train pipeline with params TrainingPipelineParams(input_data_path='data/raw/heart.csv', output_model_path='models/model.pkl', metric_path='models/metrics.json', splitting_params=SplittingParams(val_size=0.15, random_state=42), feature_params=FeatureParams(categorical_features=['sex', 'cp', 'fbs', 'restecg', 'exang', 'slope', 'ca', 'thal'], numerical_features=['age', 'trestbps', 'chol', 'thalach'], target_col='target'), train_params=TrainingParams(model_type='RandomForestClassifier', random_state=13))
[2021-04-23 16:47:01,231][ml_project][INFO] - data.shape:(303, 14)
[2021-04-23 16:47:01,238][ml_project][INFO] - train_df.shape:(257, 14)
[2021-04-23 16:47:01,238][ml_project][INFO] - val_df.shape:(46, 14)
[2021-04-23 16:47:01,260][ml_project][INFO] - train_features.shape:(257, 29),  train_target.shape:(257,)
[2021-04-23 16:47:01,455][ml_project][INFO] - model created.
[2021-04-23 16:47:01,461][ml_project][INFO] - val_features_prepared.shape:(46, 29)
[2021-04-23 16:47:01,478][ml_project][INFO] - predicts.shape:(46,)
[2021-04-23 16:47:02,161][ml_project][INFO] - report_file_path:reports/RandomForestClassifier_metrics.png
[2021-04-23 16:47:02,162][ml_project][INFO] - metrics:{'auc': 0.8353174603174602, 'accuracy': 0.8478260869565217, 'f1': 0.8771929824561403}
[2021-04-27 09:43:50,480][ml_project][INFO] - Working directory : D:\Learn\2_sem\ml_prod\HW1\naumovskiy\ml_project
[2021-04-27 09:43:50,488][ml_project][INFO] - start train pipeline with params TrainingPipelineParams(input_data_path='data/raw/heart.csv', output_model_path='models/model.pkl', metric_path='models/metrics.json', splitting_params=SplittingParams(val_size=0.15, random_state=42), feature_params=FeatureParams(categorical_features=['sex', 'cp', 'fbs', 'restecg', 'exang', 'slope', 'ca', 'thal'], numerical_features=['age', 'trestbps', 'chol', 'thalach'], target_col='target'), train_params=TrainingParams(model_type='RandomForestClassifier', random_state=13))
[2021-04-27 09:43:50,495][ml_project][INFO] - data.shape:(303, 14)
[2021-04-27 09:43:50,501][ml_project][INFO] - train_df.shape:(257, 14)
[2021-04-27 09:43:50,501][ml_project][INFO] - val_df.shape:(46, 14)
[2021-04-27 09:43:50,521][ml_project][INFO] - train_features.shape:(257, 29),  train_target.shape:(257,)
[2021-04-27 09:43:50,694][ml_project][INFO] - model created.
[2021-04-27 09:43:50,702][ml_project][INFO] - val_features_prepared.shape:(46, 29)
[2021-04-27 09:43:50,717][ml_project][INFO] - predicts.shape:(46,)
[2021-04-27 09:43:51,439][ml_project][INFO] - report_file_path:reports/RandomForestClassifier_metrics.png
[2021-04-27 09:43:51,440][ml_project][INFO] - metrics:{'auc': 0.8353174603174602, 'accuracy': 0.8478260869565217, 'f1': 0.8771929824561403}
[2021-04-27 09:47:26,019][ml_project][INFO] - Working directory : D:\Learn\2_sem\ml_prod\HW1\naumovskiy\ml_project
[2021-04-27 09:47:26,024][ml_project][INFO] - start train pipeline with params TrainingPipelineParams(input_data_path='data/raw/heart.csv', output_model_path='models/model.pkl', metric_path='models/metrics.json', splitting_params=SplittingParams(val_size=0.15, random_state=42), feature_params=FeatureParams(categorical_features=['sex', 'cp', 'fbs', 'restecg', 'exang', 'slope', 'ca', 'thal'], numerical_features=['age', 'trestbps', 'chol', 'thalach'], target_col='target'), train_params=TrainingParams(model_type='RandomForestClassifier', random_state=13))
[2021-04-27 09:47:26,027][ml_project][INFO] - data.shape:(303, 14)
[2021-04-27 09:47:26,028][ml_project][INFO] - train_df.shape:(257, 14)
[2021-04-27 09:47:26,029][ml_project][INFO] - val_df.shape:(46, 14)
[2021-04-27 09:47:26,039][ml_project][INFO] - train_features.shape:(257, 29),  train_target.shape:(257,)
[2021-04-27 09:47:26,153][ml_project][INFO] - model created.
[2021-04-27 09:47:26,158][ml_project][INFO] - val_features_prepared.shape:(46, 29)
[2021-04-27 09:47:26,166][ml_project][INFO] - predicts.shape:(46,)
[2021-04-27 09:47:26,527][ml_project][INFO] - report_file_path:reports/RandomForestClassifier_metrics.png
[2021-04-27 09:47:26,527][ml_project][INFO] - metrics:{'auc': 0.8353174603174602, 'accuracy': 0.8478260869565217, 'f1': 0.8771929824561403}
[2021-04-27 09:47:54,802][ml_project][INFO] - Working directory : D:\Learn\2_sem\ml_prod\HW1\naumovskiy\ml_project
[2021-04-27 09:49:56,212][ml_project][INFO] - Working directory : D:\Learn\2_sem\ml_prod\HW1\naumovskiy\ml_project
[2021-04-27 09:49:56,212][ml_project][INFO] - start train pipeline with params TrainingPipelineParams(input_data_path='data/raw/heart.csv', output_model_path='models/model.pkl', metric_path='models/metrics.json', splitting_params=SplittingParams(val_size=0.15, random_state=42), feature_params=FeatureParams(categorical_features=['sex', 'cp', 'fbs', 'restecg', 'exang', 'slope', 'ca', 'thal'], numerical_features=['age', 'trestbps', 'chol', 'thalach'], target_col='target'), train_params=TrainingParams(model_type='RandomForestClassifier', random_state=13))
[2021-04-27 09:49:56,212][ml_project][INFO] - data.shape:(303, 14)
[2021-04-27 09:49:56,212][ml_project][INFO] - train_df.shape:(257, 14)
[2021-04-27 09:49:56,212][ml_project][INFO] - val_df.shape:(46, 14)
[2021-04-27 09:49:56,228][ml_project][INFO] - train_features.shape:(257, 29),  train_target.shape:(257,)
[2021-04-27 09:49:56,344][ml_project][INFO] - model created.
[2021-04-27 09:49:56,351][ml_project][INFO] - val_features_prepared.shape:(46, 29)
[2021-04-27 09:49:56,351][ml_project][INFO] - predicts.shape:(46,)
[2021-04-27 09:49:56,714][ml_project][INFO] - report_file_path:reports/RandomForestClassifier_metrics.png
[2021-04-27 09:49:56,714][ml_project][INFO] - metrics:{'auc': 0.8353174603174602, 'accuracy': 0.8478260869565217, 'f1': 0.8771929824561403}
[2021-04-27 09:50:04,837][ml_project][INFO] - Working directory : D:\Learn\2_sem\ml_prod\HW1\naumovskiy\ml_project
[2021-04-27 09:50:04,837][ml_project][INFO] - start train pipeline with params TrainingPipelineParams(input_data_path='data/raw/heart.csv', output_model_path='models/model_v2.pkl', metric_path='models/metrics.json', splitting_params=SplittingParams(val_size=0.2, random_state=13), feature_params=FeatureParams(categorical_features=['sex', 'cp', 'fbs', 'restecg', 'exang', 'slope', 'ca', 'thal'], numerical_features=['age', 'trestbps', 'chol', 'thalach'], target_col='target'), train_params=TrainingParams(model_type='LogisticRegression', random_state=13))
[2021-04-27 09:50:04,845][ml_project][INFO] - data.shape:(303, 14)
[2021-04-27 09:50:04,847][ml_project][INFO] - train_df.shape:(242, 14)
[2021-04-27 09:50:04,847][ml_project][INFO] - val_df.shape:(61, 14)
[2021-04-27 09:50:04,855][ml_project][INFO] - train_features.shape:(242, 29),  train_target.shape:(242,)
[2021-04-27 09:50:04,886][ml_project][INFO] - model created.
[2021-04-27 09:50:04,886][ml_project][INFO] - val_features_prepared.shape:(61, 29)
[2021-04-27 09:50:04,886][ml_project][INFO] - predicts.shape:(61,)
[2021-04-27 09:50:05,229][ml_project][INFO] - report_file_path:reports/LogisticRegression_metrics.png
[2021-04-27 09:50:05,229][ml_project][INFO] - metrics:{'auc': 0.7895604395604396, 'accuracy': 0.7868852459016393, 'f1': 0.8059701492537314}
[2021-04-27 09:54:29,240][ml_project][INFO] - Working directory : D:\Learn\2_sem\ml_prod\HW1\naumovskiy\ml_project
[2021-04-27 09:54:29,240][ml_project][INFO] - start train pipeline with params TrainingPipelineParams(input_data_path='data/raw/heart.csv', output_model_path='models/model_v2.pkl', metric_path='models/metrics.json', splitting_params=SplittingParams(val_size=0.2, random_state=13), feature_params=FeatureParams(categorical_features=['sex', 'cp', 'fbs', 'restecg', 'exang', 'slope', 'ca', 'thal'], numerical_features=['age', 'trestbps', 'chol', 'thalach'], target_col='target'), train_params=TrainingParams(model_type='LogisticRegression', random_state=13))
[2021-04-27 09:54:29,256][ml_project][INFO] - data.shape:(303, 14)
[2021-04-27 09:54:29,256][ml_project][INFO] - train_df.shape:(242, 14)
[2021-04-27 09:54:29,256][ml_project][INFO] - val_df.shape:(61, 14)
[2021-04-27 09:54:29,262][ml_project][INFO] - train_features.shape:(242, 29),  train_target.shape:(242,)
[2021-04-27 09:54:29,278][ml_project][INFO] - model created.
[2021-04-27 09:54:29,293][ml_project][INFO] - val_features_prepared.shape:(61, 29)
[2021-04-27 09:54:29,293][ml_project][INFO] - predicts.shape:(61,)
[2021-04-27 09:54:29,678][ml_project][INFO] - report_file_path:reports/LogisticRegression_metrics.png
[2021-04-27 09:54:29,693][ml_project][INFO] - metrics:{'auc': 0.7895604395604396, 'accuracy': 0.7868852459016393, 'f1': 0.8059701492537314}
[2021-04-27 09:55:18,745][ml_project][INFO] - Working directory : D:\Learn\2_sem\ml_prod\HW1\naumovskiy\ml_project
[2021-04-27 09:55:18,761][ml_project][INFO] - start train pipeline with params TrainingPipelineParams(input_data_path='data/raw/heart.csv', output_model_path='models/model_v2.pkl', metric_path='models/metrics.json', splitting_params=SplittingParams(val_size=0.2, random_state=13), feature_params=FeatureParams(categorical_features=['sex', 'cp', 'fbs', 'restecg', 'exang', 'slope', 'ca', 'thal'], numerical_features=['age', 'trestbps', 'chol', 'thalach'], target_col='target'), train_params=TrainingParams(model_type='LogisticRegression', random_state=13))
[2021-04-27 09:55:18,761][ml_project][INFO] - data.shape:(303, 14)
[2021-04-27 09:55:18,761][ml_project][INFO] - train_df.shape:(242, 14)
[2021-04-27 09:55:18,761][ml_project][INFO] - val_df.shape:(61, 14)
[2021-04-27 09:55:18,777][ml_project][INFO] - train_features.shape:(242, 29),  train_target.shape:(242,)
[2021-04-27 09:55:18,792][ml_project][INFO] - model created.
[2021-04-27 09:55:18,792][ml_project][INFO] - val_features_prepared.shape:(61, 29)
[2021-04-27 09:55:18,808][ml_project][INFO] - predicts.shape:(61,)
[2021-04-27 09:55:19,296][ml_project][INFO] - report_file_path:reports/LogisticRegression_metrics.png
[2021-04-27 09:55:19,311][ml_project][INFO] - metrics:{'auc': 0.7895604395604396, 'accuracy': 0.7868852459016393, 'f1': 0.8059701492537314}
[2021-04-27 09:58:28,044][ml_project][INFO] - Working directory : D:\Learn\2_sem\ml_prod\HW1\naumovskiy\ml_project
[2021-04-27 09:59:35,579][ml_project][INFO] - Working directory : D:\Learn\2_sem\ml_prod\HW1\naumovskiy\ml_project
[2021-04-27 09:59:47,768][ml_project][INFO] - Working directory : D:\Learn\2_sem\ml_prod\HW1\naumovskiy\ml_project
[2021-04-27 09:59:47,775][ml_project][INFO] - start train pipeline with params TrainingPipelineParams(input_data_path='data/raw/heart.csv', output_model_path='models/model_v2.pkl', metric_path='models/metrics.json', splitting_params=SplittingParams(val_size=0.2, random_state=13), feature_params=FeatureParams(categorical_features=['sex', 'cp', 'fbs', 'restecg', 'exang', 'slope', 'ca', 'thal'], numerical_features=['age', 'trestbps', 'chol', 'thalach'], target_col='target'), train_params=TrainingParams(model_type='LogisticRegression', random_state=13))
[2021-04-27 09:59:47,780][ml_project][INFO] - data.shape:(303, 14)
[2021-04-27 09:59:47,781][ml_project][INFO] - train_df.shape:(242, 14)
[2021-04-27 09:59:47,781][ml_project][INFO] - val_df.shape:(61, 14)
[2021-04-27 09:59:47,799][ml_project][INFO] - train_features.shape:(242, 29),  train_target.shape:(242,)
[2021-04-27 09:59:47,818][ml_project][INFO] - model created.
[2021-04-27 09:59:47,828][ml_project][INFO] - val_features_prepared.shape:(61, 29)
[2021-04-27 09:59:47,830][ml_project][INFO] - predicts.shape:(61,)
[2021-04-27 09:59:48,404][ml_project][INFO] - report_file_path:reports/LogisticRegression_metrics.png
[2021-04-27 09:59:48,405][ml_project][INFO] - metrics:{'auc': 0.7895604395604396, 'accuracy': 0.7868852459016393, 'f1': 0.8059701492537314}
[2021-04-27 10:08:15,670][ml_project][INFO] - Working directory : D:\Learn\2_sem\ml_prod\HW1\naumovskiy\ml_project
[2021-04-27 10:08:15,678][ml_project][INFO] - start train pipeline with params TrainingPipelineParams(input_data_path='data/raw/heart.csv', output_model_path='models/model_v2.pkl', metric_path='models/metrics.json', splitting_params=SplittingParams(val_size=0.2, random_state=13), feature_params=FeatureParams(categorical_features=['sex', 'cp', 'fbs', 'restecg', 'exang', 'slope', 'ca', 'thal'], numerical_features=['age', 'trestbps', 'chol', 'thalach'], target_col='target'), train_params=TrainingParams(model_type='LogisticRegression', random_state=13))
[2021-04-27 10:08:15,678][ml_project][INFO] - data.shape:(303, 14)
[2021-04-27 10:08:15,678][ml_project][INFO] - train_df.shape:(242, 14)
[2021-04-27 10:08:15,678][ml_project][INFO] - val_df.shape:(61, 14)
[2021-04-27 10:08:15,688][ml_project][INFO] - train_features.shape:(242, 29),  train_target.shape:(242,)
[2021-04-27 10:08:15,704][ml_project][INFO] - model created.
[2021-04-27 10:08:15,719][ml_project][INFO] - val_features_prepared.shape:(61, 29)
[2021-04-27 10:08:15,719][ml_project][INFO] - predicts.shape:(61,)
[2021-04-27 10:08:16,214][ml_project][INFO] - report_file_path:reports/LogisticRegression_metrics.png
[2021-04-27 10:08:16,214][ml_project][INFO] - metrics:{'auc': 0.7895604395604396, 'accuracy': 0.7868852459016393, 'f1': 0.8059701492537314}
[2021-04-27 10:08:43,245][ml_project][INFO] - Working directory : D:\Learn\2_sem\ml_prod\HW1\naumovskiy\ml_project
[2021-04-27 10:08:43,252][ml_project][INFO] - start train pipeline with params TrainingPipelineParams(input_data_path='data/raw/heart.csv', output_model_path='models/model.pkl', metric_path='models/metrics.json', splitting_params=SplittingParams(val_size=0.15, random_state=42), feature_params=FeatureParams(categorical_features=['sex', 'cp', 'fbs', 'restecg', 'exang', 'slope', 'ca', 'thal'], numerical_features=['age', 'trestbps', 'chol', 'thalach'], target_col='target'), train_params=TrainingParams(model_type='RandomForestClassifier', random_state=13))
[2021-04-27 10:08:43,256][ml_project][INFO] - data.shape:(303, 14)
[2021-04-27 10:08:43,257][ml_project][INFO] - train_df.shape:(257, 14)
[2021-04-27 10:08:43,258][ml_project][INFO] - val_df.shape:(46, 14)
[2021-04-27 10:08:43,275][ml_project][INFO] - train_features.shape:(257, 29),  train_target.shape:(257,)
[2021-04-27 10:08:43,451][ml_project][INFO] - model created.
[2021-04-27 10:08:43,457][ml_project][INFO] - val_features_prepared.shape:(46, 29)
[2021-04-27 10:08:43,473][ml_project][INFO] - predicts.shape:(46,)
[2021-04-27 10:08:44,042][ml_project][INFO] - report_file_path:reports/RandomForestClassifier_metrics.png
[2021-04-27 10:08:44,045][ml_project][INFO] - metrics:{'auc': 0.8353174603174602, 'accuracy': 0.8478260869565217, 'f1': 0.8771929824561403}
